mode: set
github.com/cosmos/interchain-accounts/x/ibc-account/keeper/keeper.go:18.129,19.48 1 1
github.com/cosmos/interchain-accounts/x/ibc-account/keeper/keeper.go:19.48,21.30 2 0
github.com/cosmos/interchain-accounts/x/ibc-account/keeper/keeper.go:30.3,32.28 2 0
github.com/cosmos/interchain-accounts/x/ibc-account/keeper/keeper.go:40.3,49.17 4 0
github.com/cosmos/interchain-accounts/x/ibc-account/keeper/keeper.go:53.3,53.17 1 0
github.com/cosmos/interchain-accounts/x/ibc-account/keeper/keeper.go:22.16,23.29 1 0
github.com/cosmos/interchain-accounts/x/ibc-account/keeper/keeper.go:24.18,25.32 1 0
github.com/cosmos/interchain-accounts/x/ibc-account/keeper/keeper.go:26.11,27.44 1 0
github.com/cosmos/interchain-accounts/x/ibc-account/keeper/keeper.go:32.28,35.18 3 0
github.com/cosmos/interchain-accounts/x/ibc-account/keeper/keeper.go:35.18,37.5 1 0
github.com/cosmos/interchain-accounts/x/ibc-account/keeper/keeper.go:49.17,51.4 1 0
github.com/cosmos/interchain-accounts/x/ibc-account/keeper/keeper.go:83.10,96.2 1 1
github.com/cosmos/interchain-accounts/x/ibc-account/keeper/keeper.go:98.75,100.8 2 0
github.com/cosmos/interchain-accounts/x/ibc-account/keeper/keeper.go:103.2,104.12 2 0
github.com/cosmos/interchain-accounts/x/ibc-account/keeper/keeper.go:100.8,102.3 1 0
github.com/cosmos/interchain-accounts/x/ibc-account/keeper/keeper.go:107.66,110.2 2 0
github.com/cosmos/interchain-accounts/x/ibc-account/keeper/keeper.go:112.52,114.2 1 0
github.com/cosmos/interchain-accounts/x/ibc-account/keeper/keeper.go:117.62,120.2 2 1
github.com/cosmos/interchain-accounts/x/ibc-account/keeper/keeper.go:124.64,131.2 4 1
github.com/cosmos/interchain-accounts/x/ibc-account/keeper/keeper.go:134.49,137.2 2 0
github.com/cosmos/interchain-accounts/x/ibc-account/keeper/keeper.go:141.102,143.2 1 1
github.com/cosmos/interchain-accounts/x/ibc-account/keeper/querier.go:13.76,14.85 1 1
github.com/cosmos/interchain-accounts/x/ibc-account/keeper/querier.go:14.85,15.18 1 0
github.com/cosmos/interchain-accounts/x/ibc-account/keeper/querier.go:16.30,17.57 1 0
github.com/cosmos/interchain-accounts/x/ibc-account/keeper/querier.go:19.38,20.65 1 0
github.com/cosmos/interchain-accounts/x/ibc-account/keeper/querier.go:22.11,23.95 1 0
github.com/cosmos/interchain-accounts/x/ibc-account/keeper/querier.go:28.125,30.74 2 0
github.com/cosmos/interchain-accounts/x/ibc-account/keeper/querier.go:34.2,35.16 2 0
github.com/cosmos/interchain-accounts/x/ibc-account/keeper/querier.go:39.2,40.16 2 0
github.com/cosmos/interchain-accounts/x/ibc-account/keeper/querier.go:44.2,45.16 2 0
github.com/cosmos/interchain-accounts/x/ibc-account/keeper/querier.go:49.2,49.16 1 0
github.com/cosmos/interchain-accounts/x/ibc-account/keeper/querier.go:30.74,32.3 1 0
github.com/cosmos/interchain-accounts/x/ibc-account/keeper/querier.go:35.16,37.3 1 0
github.com/cosmos/interchain-accounts/x/ibc-account/keeper/querier.go:40.16,42.3 1 0
github.com/cosmos/interchain-accounts/x/ibc-account/keeper/querier.go:45.16,47.3 1 0
github.com/cosmos/interchain-accounts/x/ibc-account/keeper/querier.go:52.133,54.74 2 0
github.com/cosmos/interchain-accounts/x/ibc-account/keeper/querier.go:58.2,58.23 1 0
github.com/cosmos/interchain-accounts/x/ibc-account/keeper/querier.go:62.2,62.26 1 0
github.com/cosmos/interchain-accounts/x/ibc-account/keeper/querier.go:66.2,70.16 4 0
github.com/cosmos/interchain-accounts/x/ibc-account/keeper/querier.go:74.2,75.16 2 0
github.com/cosmos/interchain-accounts/x/ibc-account/keeper/querier.go:79.2,79.16 1 0
github.com/cosmos/interchain-accounts/x/ibc-account/keeper/querier.go:54.74,56.3 1 0
github.com/cosmos/interchain-accounts/x/ibc-account/keeper/querier.go:58.23,60.3 1 0
github.com/cosmos/interchain-accounts/x/ibc-account/keeper/querier.go:62.26,64.3 1 0
github.com/cosmos/interchain-accounts/x/ibc-account/keeper/querier.go:70.16,72.3 1 0
github.com/cosmos/interchain-accounts/x/ibc-account/keeper/querier.go:75.16,77.3 1 0
github.com/cosmos/interchain-accounts/x/ibc-account/keeper/relay.go:18.109,20.12 2 0
github.com/cosmos/interchain-accounts/x/ibc-account/keeper/relay.go:24.2,28.9 4 0
github.com/cosmos/interchain-accounts/x/ibc-account/keeper/relay.go:33.2,34.12 2 0
github.com/cosmos/interchain-accounts/x/ibc-account/keeper/relay.go:38.2,58.76 4 0
github.com/cosmos/interchain-accounts/x/ibc-account/keeper/relay.go:62.2,62.12 1 0
github.com/cosmos/interchain-accounts/x/ibc-account/keeper/relay.go:20.12,22.3 1 0
github.com/cosmos/interchain-accounts/x/ibc-account/keeper/relay.go:28.9,30.3 1 0
github.com/cosmos/interchain-accounts/x/ibc-account/keeper/relay.go:34.12,36.3 1 0
github.com/cosmos/interchain-accounts/x/ibc-account/keeper/relay.go:58.76,60.3 1 0
github.com/cosmos/interchain-accounts/x/ibc-account/keeper/relay.go:66.116,68.12 2 0
github.com/cosmos/interchain-accounts/x/ibc-account/keeper/relay.go:72.2,75.111 3 0
github.com/cosmos/interchain-accounts/x/ibc-account/keeper/relay.go:68.12,70.3 1 0
github.com/cosmos/interchain-accounts/x/ibc-account/keeper/relay.go:86.19,88.17 1 0
github.com/cosmos/interchain-accounts/x/ibc-account/keeper/relay.go:92.2,93.9 2 0
github.com/cosmos/interchain-accounts/x/ibc-account/keeper/relay.go:97.2,99.29 2 0
github.com/cosmos/interchain-accounts/x/ibc-account/keeper/relay.go:108.2,109.16 2 0
github.com/cosmos/interchain-accounts/x/ibc-account/keeper/relay.go:113.2,114.9 2 0
github.com/cosmos/interchain-accounts/x/ibc-account/keeper/relay.go:119.2,120.12 2 0
github.com/cosmos/interchain-accounts/x/ibc-account/keeper/relay.go:124.2,144.118 4 0
github.com/cosmos/interchain-accounts/x/ibc-account/keeper/relay.go:88.17,90.3 1 0
github.com/cosmos/interchain-accounts/x/ibc-account/keeper/relay.go:93.9,95.3 1 0
github.com/cosmos/interchain-accounts/x/ibc-account/keeper/relay.go:100.17,101.14 1 0
github.com/cosmos/interchain-accounts/x/ibc-account/keeper/relay.go:102.15,103.25 1 0
github.com/cosmos/interchain-accounts/x/ibc-account/keeper/relay.go:104.10,105.48 1 0
github.com/cosmos/interchain-accounts/x/ibc-account/keeper/relay.go:109.16,111.3 1 0
github.com/cosmos/interchain-accounts/x/ibc-account/keeper/relay.go:114.9,116.3 1 0
github.com/cosmos/interchain-accounts/x/ibc-account/keeper/relay.go:120.12,122.3 1 0
github.com/cosmos/interchain-accounts/x/ibc-account/keeper/relay.go:147.81,151.16 3 0
github.com/cosmos/interchain-accounts/x/ibc-account/keeper/relay.go:155.2,158.16 3 0
github.com/cosmos/interchain-accounts/x/ibc-account/keeper/relay.go:162.2,164.27 3 0
github.com/cosmos/interchain-accounts/x/ibc-account/keeper/relay.go:173.2,173.17 1 0
github.com/cosmos/interchain-accounts/x/ibc-account/keeper/relay.go:151.16,153.3 1 0
github.com/cosmos/interchain-accounts/x/ibc-account/keeper/relay.go:158.16,160.3 1 0
github.com/cosmos/interchain-accounts/x/ibc-account/keeper/relay.go:164.27,167.17 3 0
github.com/cosmos/interchain-accounts/x/ibc-account/keeper/relay.go:170.3,170.15 1 0
github.com/cosmos/interchain-accounts/x/ibc-account/keeper/relay.go:167.17,169.4 1 0
github.com/cosmos/interchain-accounts/x/ibc-account/keeper/relay.go:176.92,179.16 3 0
github.com/cosmos/interchain-accounts/x/ibc-account/keeper/relay.go:183.2,183.27 1 0
github.com/cosmos/interchain-accounts/x/ibc-account/keeper/relay.go:197.2,199.27 3 0
github.com/cosmos/interchain-accounts/x/ibc-account/keeper/relay.go:207.2,207.16 1 0
github.com/cosmos/interchain-accounts/x/ibc-account/keeper/relay.go:212.2,214.12 2 0
github.com/cosmos/interchain-accounts/x/ibc-account/keeper/relay.go:179.16,181.3 1 0
github.com/cosmos/interchain-accounts/x/ibc-account/keeper/relay.go:183.27,185.17 2 0
github.com/cosmos/interchain-accounts/x/ibc-account/keeper/relay.go:185.17,187.4 1 0
github.com/cosmos/interchain-accounts/x/ibc-account/keeper/relay.go:199.27,201.20 2 0
github.com/cosmos/interchain-accounts/x/ibc-account/keeper/relay.go:201.20,203.9 2 0
github.com/cosmos/interchain-accounts/x/ibc-account/keeper/relay.go:207.16,209.3 1 0
github.com/cosmos/interchain-accounts/x/ibc-account/keeper/relay.go:219.90,222.27 3 0
github.com/cosmos/interchain-accounts/x/ibc-account/keeper/relay.go:231.2,231.33 1 0
github.com/cosmos/interchain-accounts/x/ibc-account/keeper/relay.go:248.2,248.12 1 0
github.com/cosmos/interchain-accounts/x/ibc-account/keeper/relay.go:222.27,223.41 1 0
github.com/cosmos/interchain-accounts/x/ibc-account/keeper/relay.go:223.41,224.28 1 0
github.com/cosmos/interchain-accounts/x/ibc-account/keeper/relay.go:224.28,227.5 2 0
github.com/cosmos/interchain-accounts/x/ibc-account/keeper/relay.go:231.33,234.21 2 0
github.com/cosmos/interchain-accounts/x/ibc-account/keeper/relay.go:238.3,239.10 2 0
github.com/cosmos/interchain-accounts/x/ibc-account/keeper/relay.go:243.3,243.109 1 0
github.com/cosmos/interchain-accounts/x/ibc-account/keeper/relay.go:234.21,236.4 1 0
github.com/cosmos/interchain-accounts/x/ibc-account/keeper/relay.go:239.10,241.4 1 0
github.com/cosmos/interchain-accounts/x/ibc-account/keeper/relay.go:243.109,245.4 1 0
github.com/cosmos/interchain-accounts/x/ibc-account/keeper/relay.go:253.75,255.19 2 0
github.com/cosmos/interchain-accounts/x/ibc-account/keeper/relay.go:259.2,259.25 1 0
github.com/cosmos/interchain-accounts/x/ibc-account/keeper/relay.go:255.19,257.3 1 0
github.com/cosmos/interchain-accounts/x/ibc-account/keeper/relay.go:263.73,267.2 3 0
github.com/cosmos/interchain-accounts/x/ibc-account/keeper/relay.go:269.81,272.79 2 1
github.com/cosmos/interchain-accounts/x/ibc-account/keeper/relay.go:276.2,276.19 1 1
github.com/cosmos/interchain-accounts/x/ibc-account/keeper/relay.go:272.79,274.3 1 0
github.com/cosmos/interchain-accounts/x/ibc-account/keeper/relay.go:277.27,279.17 2 1
github.com/cosmos/interchain-accounts/x/ibc-account/keeper/relay.go:283.3,283.13 1 1
github.com/cosmos/interchain-accounts/x/ibc-account/keeper/relay.go:284.24,286.17 2 0
github.com/cosmos/interchain-accounts/x/ibc-account/keeper/relay.go:290.3,291.17 2 0
github.com/cosmos/interchain-accounts/x/ibc-account/keeper/relay.go:295.3,295.13 1 0
github.com/cosmos/interchain-accounts/x/ibc-account/keeper/relay.go:296.10,297.36 1 0
github.com/cosmos/interchain-accounts/x/ibc-account/keeper/relay.go:279.17,281.4 1 0
github.com/cosmos/interchain-accounts/x/ibc-account/keeper/relay.go:286.17,288.4 1 0
github.com/cosmos/interchain-accounts/x/ibc-account/keeper/relay.go:291.17,293.4 1 0
github.com/cosmos/interchain-accounts/x/ibc-account/keeper/relay.go:301.168,302.18 1 0
github.com/cosmos/interchain-accounts/x/ibc-account/keeper/relay.go:303.27,304.20 1 0
github.com/cosmos/interchain-accounts/x/ibc-account/keeper/relay.go:309.3,309.13 1 0
github.com/cosmos/interchain-accounts/x/ibc-account/keeper/relay.go:310.24,311.20 1 0
github.com/cosmos/interchain-accounts/x/ibc-account/keeper/relay.go:320.3,320.13 1 0
github.com/cosmos/interchain-accounts/x/ibc-account/keeper/relay.go:321.10,322.43 1 0
github.com/cosmos/interchain-accounts/x/ibc-account/keeper/relay.go:304.20,305.21 1 0
github.com/cosmos/interchain-accounts/x/ibc-account/keeper/relay.go:305.21,307.5 1 0
github.com/cosmos/interchain-accounts/x/ibc-account/keeper/relay.go:311.20,312.21 1 0
github.com/cosmos/interchain-accounts/x/ibc-account/keeper/relay.go:312.21,314.5 1 0
github.com/cosmos/interchain-accounts/x/ibc-account/keeper/relay.go:315.9,316.21 1 0
github.com/cosmos/interchain-accounts/x/ibc-account/keeper/relay.go:316.21,318.5 1 0
github.com/cosmos/interchain-accounts/x/ibc-account/keeper/relay.go:326.117,327.19 1 0
github.com/cosmos/interchain-accounts/x/ibc-account/keeper/relay.go:331.2,331.12 1 0
github.com/cosmos/interchain-accounts/x/ibc-account/keeper/relay.go:327.19,329.3 1 0
github.com/cosmos/interchain-accounts/x/ibc-account/keeper/account.go:13.150,23.20 4 1
github.com/cosmos/interchain-accounts/x/ibc-account/keeper/account.go:27.2,33.24 4 1
github.com/cosmos/interchain-accounts/x/ibc-account/keeper/account.go:23.20,25.3 1 0
github.com/cosmos/interchain-accounts/x/ibc-account/keeper/account.go:37.72,39.2 1 1
github.com/cosmos/interchain-accounts/x/ibc-account/keeper/account.go:41.95,43.16 2 1
github.com/cosmos/interchain-accounts/x/ibc-account/keeper/account.go:47.2,48.9 2 1
github.com/cosmos/interchain-accounts/x/ibc-account/keeper/account.go:51.2,51.21 1 1
github.com/cosmos/interchain-accounts/x/ibc-account/keeper/account.go:43.16,45.3 1 1
github.com/cosmos/interchain-accounts/x/ibc-account/keeper/account.go:48.9,50.3 1 0
github.com/cosmos/interchain-accounts/x/ibc-account/keeper/grpc_query.go:17.124,18.16 1 1
github.com/cosmos/interchain-accounts/x/ibc-account/keeper/grpc_query.go:22.2,22.23 1 1
github.com/cosmos/interchain-accounts/x/ibc-account/keeper/grpc_query.go:26.2,28.16 3 1
github.com/cosmos/interchain-accounts/x/ibc-account/keeper/grpc_query.go:32.2,33.16 2 1
github.com/cosmos/interchain-accounts/x/ibc-account/keeper/grpc_query.go:37.2,37.66 1 1
github.com/cosmos/interchain-accounts/x/ibc-account/keeper/grpc_query.go:18.16,20.3 1 0
github.com/cosmos/interchain-accounts/x/ibc-account/keeper/grpc_query.go:22.23,24.3 1 1
github.com/cosmos/interchain-accounts/x/ibc-account/keeper/grpc_query.go:28.16,30.3 1 1
github.com/cosmos/interchain-accounts/x/ibc-account/keeper/grpc_query.go:33.16,35.3 1 1
github.com/cosmos/interchain-accounts/x/ibc-account/keeper/grpc_query.go:41.140,42.16 1 0
github.com/cosmos/interchain-accounts/x/ibc-account/keeper/grpc_query.go:46.2,46.20 1 0
github.com/cosmos/interchain-accounts/x/ibc-account/keeper/grpc_query.go:50.2,50.23 1 0
github.com/cosmos/interchain-accounts/x/ibc-account/keeper/grpc_query.go:54.2,59.16 5 0
github.com/cosmos/interchain-accounts/x/ibc-account/keeper/grpc_query.go:63.2,63.66 1 0
github.com/cosmos/interchain-accounts/x/ibc-account/keeper/grpc_query.go:42.16,44.3 1 0
github.com/cosmos/interchain-accounts/x/ibc-account/keeper/grpc_query.go:46.20,48.3 1 0
github.com/cosmos/interchain-accounts/x/ibc-account/keeper/grpc_query.go:50.23,52.3 1 0
github.com/cosmos/interchain-accounts/x/ibc-account/keeper/grpc_query.go:59.16,61.3 1 0
github.com/cosmos/interchain-accounts/x/ibc-account/keeper/handshake.go:23.9,26.25 2 0
github.com/cosmos/interchain-accounts/x/ibc-account/keeper/handshake.go:30.2,30.30 1 0
github.com/cosmos/interchain-accounts/x/ibc-account/keeper/handshake.go:34.2,34.35 1 0
github.com/cosmos/interchain-accounts/x/ibc-account/keeper/handshake.go:39.2,39.103 1 0
github.com/cosmos/interchain-accounts/x/ibc-account/keeper/handshake.go:43.2,43.12 1 0
github.com/cosmos/interchain-accounts/x/ibc-account/keeper/handshake.go:26.25,28.3 1 0
github.com/cosmos/interchain-accounts/x/ibc-account/keeper/handshake.go:30.30,32.3 1 0
github.com/cosmos/interchain-accounts/x/ibc-account/keeper/handshake.go:34.35,36.3 1 0
github.com/cosmos/interchain-accounts/x/ibc-account/keeper/handshake.go:39.103,41.3 1 0
github.com/cosmos/interchain-accounts/x/ibc-account/keeper/handshake.go:56.9,58.25 2 0
github.com/cosmos/interchain-accounts/x/ibc-account/keeper/handshake.go:62.2,62.30 1 0
github.com/cosmos/interchain-accounts/x/ibc-account/keeper/handshake.go:66.2,66.35 1 0
github.com/cosmos/interchain-accounts/x/ibc-account/keeper/handshake.go:76.2,76.103 1 0
github.com/cosmos/interchain-accounts/x/ibc-account/keeper/handshake.go:80.2,80.12 1 0
github.com/cosmos/interchain-accounts/x/ibc-account/keeper/handshake.go:58.25,60.3 1 0
github.com/cosmos/interchain-accounts/x/ibc-account/keeper/handshake.go:62.30,64.3 1 0
github.com/cosmos/interchain-accounts/x/ibc-account/keeper/handshake.go:66.35,68.3 1 0
github.com/cosmos/interchain-accounts/x/ibc-account/keeper/handshake.go:76.103,78.3 1 0
